[altair_html.tzdthemes.com/index.html]
[altair_html.tzdthemes.com/assets/img/favicon-16x16.png]
[altair_html.tzdthemes.com/assets/img/favicon-32x32.png]
[backblue.gif]
[fade.gif]
[index.html]
[altair_html.tzdthemes.com/bower_components/weather-icons/css/weather-icons.min.css]
[altair_html.tzdthemes.com/bower_components/metrics-graphics/dist/metricsgraphics.css]
[altair_html.tzdthemes.com/bower_components/chartist/dist/chartist.min.css]
[altair_html.tzdthemes.com/bower_components/uikit/css/uikit.almost-flat.min.css]
[altair_html.tzdthemes.com/assets/icons/flags/flags.min.css]
[altair_html.tzdthemes.com/assets/css/style_switcher.min.css]
[altair_html.tzdthemes.com/assets/css/themes/themes_combined.min.css]
[altair_html.tzdthemes.com/assets/css/main.min.css]
[altair_html.tzdthemes.com/page_chat.html]
[altair_html.tzdthemes.com/page_invoices.html]
[altair_html.tzdthemes.com/page_mailbox.html]
[altair_html.tzdthemes.com/page_scrum_board.html]
[altair_html.tzdthemes.com/page_snippets.html]
[altair_html.tzdthemes.com/components_accordion.html]
[altair_html.tzdthemes.com/page_user_profile.html]
[altair_html.tzdthemes.com/components_buttons.html]
[altair_html.tzdthemes.com/components_notifications.html]
[altair_html.tzdthemes.com/components_sortable.html]
[altair_html.tzdthemes.com/assets/img/avatars/avatar_07_tn.png]
[altair_html.tzdthemes.com/components_tabs.html]
[altair_html.tzdthemes.com/assets/img/avatars/avatar_02_tn.png]
[altair_html.tzdthemes.com/assets/img/avatars/avatar_09_tn.png]
[altair_html.tzdthemes.com/assets/img/avatars/avatar_11_tn.png]
[altair_html.tzdthemes.com/page_settings.html]
[altair_html.tzdthemes.com/login.html]
[altair_html.tzdthemes.com/login_v2.html]
[altair_html.tzdthemes.com/assets/img/logo_main.png]
[altair_html.tzdthemes.com/assets/img/logo_main_white.png]
[altair_html.tzdthemes.com/assets/img/logo_main_small.png]
[altair_html.tzdthemes.com/assets/img/logo_main_small_light.png]
[altair_html.tzdthemes.com/page_chat_small.html]
[altair_html.tzdthemes.com/page_sticky_notes.html]
[altair_html.tzdthemes.com/forms_regular.html]
[altair_html.tzdthemes.com/forms_advanced.html]
[altair_html.tzdthemes.com/forms_dynamic.html]
[altair_html.tzdthemes.com/forms_file_input.html]
[altair_html.tzdthemes.com/forms_file_upload.html]
[altair_html.tzdthemes.com/forms_validation.html]
[altair_html.tzdthemes.com/forms_wizard.html]
[altair_html.tzdthemes.com/forms_wysiwyg_ckeditor.html]
[altair_html.tzdthemes.com/forms_wysiwyg_inline.html]
[altair_html.tzdthemes.com/forms_wysiwyg_tinymce.html]
[altair_html.tzdthemes.com/layout_top_menu.html]
[altair_html.tzdthemes.com/layout_header_full.html]
[altair_html.tzdthemes.com/kendoui_autocomplete.html]
[altair_html.tzdthemes.com/kendoui_calendar.html]
[altair_html.tzdthemes.com/kendoui_colorpicker.html]
[altair_html.tzdthemes.com/kendoui_combobox.html]
[altair_html.tzdthemes.com/kendoui_datepicker.html]
[altair_html.tzdthemes.com/kendoui_datetimepicker.html]
[altair_html.tzdthemes.com/kendoui_dropdown_list.html]
[altair_html.tzdthemes.com/kendoui_masked_input.html]
[altair_html.tzdthemes.com/kendoui_menu.html]
[altair_html.tzdthemes.com/kendoui_multiselect.html]
[altair_html.tzdthemes.com/kendoui_numeric_textbox.html]
[altair_html.tzdthemes.com/kendoui_panelbar.html]
[altair_html.tzdthemes.com/kendoui_timepicker.html]
[altair_html.tzdthemes.com/kendoui_toolbar.html]
[altair_html.tzdthemes.com/kendoui_window.html]
[altair_html.tzdthemes.com/components_animations.html]
[altair_html.tzdthemes.com/components_autocomplete.html]
[altair_html.tzdthemes.com/components_breadcrumbs.html]
[altair_html.tzdthemes.com/components_fab.html]
[altair_html.tzdthemes.com/components_cards.html]
[altair_html.tzdthemes.com/components_colors.html]
[altair_html.tzdthemes.com/components_common.html]
[altair_html.tzdthemes.com/components_dropdowns.html]
[altair_html.tzdthemes.com/components_dynamic_grid.html]
[altair_html.tzdthemes.com/components_footer.html]
[altair_html.tzdthemes.com/components_grid.html]
[altair_html.tzdthemes.com/components_icons.html]
[altair_html.tzdthemes.com/components_modal.html]
[altair_html.tzdthemes.com/components_list_grid_view.html]
[altair_html.tzdthemes.com/components_lists.html]
[altair_html.tzdthemes.com/components_nestable.html]
[altair_html.tzdthemes.com/components_panels.html]
[altair_html.tzdthemes.com/components_preloaders.html]
[altair_html.tzdthemes.com/components_scroll_top.html]
[altair_html.tzdthemes.com/components_slider.html]
[altair_html.tzdthemes.com/components_slideshow.html]
[altair_html.tzdthemes.com/components_switcher.html]
[altair_html.tzdthemes.com/components_tables.html]
[altair_html.tzdthemes.com/components_tables_examples.html]
[altair_html.tzdthemes.com/components_timeline.html]
[altair_html.tzdthemes.com/components_tooltips.html]
[altair_html.tzdthemes.com/components_typography.html]
[altair_html.tzdthemes.com/ecommerce_product_details.html]
[altair_html.tzdthemes.com/ecommerce_product_edit.html]
[altair_html.tzdthemes.com/ecommerce_products_grid.html]
[altair_html.tzdthemes.com/ecommerce_products_list.html]
[altair_html.tzdthemes.com/ecommerce_payment.html]
[altair_html.tzdthemes.com/plugins_calendar.html]
[altair_html.tzdthemes.com/plugins_charts.html]
[altair_html.tzdthemes.com/plugins_charts_echarts.html]
[altair_html.tzdthemes.com/plugins_code_editor.html]
[altair_html.tzdthemes.com/plugins_context_menu.html]
[altair_html.tzdthemes.com/plugins_crud_table.html]
[altair_html.tzdthemes.com/plugins_datatables.html]
[altair_html.tzdthemes.com/plugins_diff.html]
[altair_html.tzdthemes.com/plugins_dropzone.html]
[altair_html.tzdthemes.com/plugins_filemanager.html]
[altair_html.tzdthemes.com/plugins_gantt_chart.html]
[altair_html.tzdthemes.com/plugins_google_maps.html]
[altair_html.tzdthemes.com/plugins_image_cropper.html]
[altair_html.tzdthemes.com/plugins_idle_timeout.html]
[altair_html.tzdthemes.com/plugins_push_notifications.html]
[altair_html.tzdthemes.com/plugins_tour.html]
[altair_html.tzdthemes.com/plugins_tablesorter.html]
[altair_html.tzdthemes.com/plugins_tree.html]
[altair_html.tzdthemes.com/plugins_vector_maps.html]
[altair_html.tzdthemes.com/plugins_xeditable.html]
[altair_html.tzdthemes.com/page_blank.html]
[altair_html.tzdthemes.com/page_contact_list.html]
[altair_html.tzdthemes.com/page_contact_list_horizontal.html]
[altair_html.tzdthemes.com/page_contact_list_v2.html]
[altair_html.tzdthemes.com/page_forum.html]
[altair_html.tzdthemes.com/page_forum_single.html]
[altair_html.tzdthemes.com/page_gallery.html]
[altair_html.tzdthemes.com/page_gallery_v2.html]
[altair_html.tzdthemes.com/page_help.html]
[altair_html.tzdthemes.com/page_mailbox_v2.html]
[altair_html.tzdthemes.com/page_notes.html]
[altair_html.tzdthemes.com/page_pricing_tables.html]
[altair_html.tzdthemes.com/page_pricing_tables_v2.html]
[altair_html.tzdthemes.com/page_search_results.html]
[altair_html.tzdthemes.com/page_todo.html]
[altair_html.tzdthemes.com/page_user_edit.html]
[altair_html.tzdthemes.com/page_quiz.html]
[altair_html.tzdthemes.com/page_issues_list.html]
[altair_html.tzdthemes.com/page_issue_details.html]
[altair_html.tzdthemes.com/page_blog_list.html]
[altair_html.tzdthemes.com/page_blog_article.html]
[altair_html.tzdthemes.com/error_404.html]
[altair_html.tzdthemes.com/error_500.html]
[altair_html.tzdthemes.com/assets/img/avatars/avatar_11.png]
[altair_html.tzdthemes.com/cdn-cgi/l/email-protection.html]
[altair_html.tzdthemes.com/assets/img/gallery/Image17.jpg]
[altair_html.tzdthemes.com/cdn-cgi/scripts/5c5dd728/cloudflare-static/email-decode.min.js]
[altair_html.tzdthemes.com/assets/img/avatars/avatar_01_tn.png]
[altair_html.tzdthemes.com/assets/img/avatars/avatar_03_tn.png]
[altair_html.tzdthemes.com/assets/img/avatars/avatar_04_tn.png]
[altair_html.tzdthemes.com/assets/img/avatars/avatar_05_tn.png]
[altair_html.tzdthemes.com/assets/img/gallery/Image16.jpg]
[altair_html.tzdthemes.com/assets/js/altair_admin_common.min.js]
[altair_html.tzdthemes.com/assets/js/uikit_custom.min.js]
[altair_html.tzdthemes.com/bower_components/metrics-graphics/dist/metricsgraphics.min.js]
[altair_html.tzdthemes.com/bower_components/chartist/dist/chartist.min.js]
[altair_html.tzdthemes.com/bower_components/maplace-js/dist/maplace.min.js]
[altair_html.tzdthemes.com/bower_components/d3/d3.min.js]
[altair_html.tzdthemes.com/bower_components/peity/jquery.peity.min.js]
[altair_html.tzdthemes.com/bower_components/jquery.easy-pie-chart/dist/jquery.easypiechart.min.js]
[altair_html.tzdthemes.com/bower_components/countUp.js/dist/countUp.min.js]
[altair_html.tzdthemes.com/assets/js/custom/handlebars_helpers.min.js]
[altair_html.tzdthemes.com/assets/js/common.min.js]
[altair_html.tzdthemes.com/assets/js/pages/dashboard.min.js]
[altair_html.tzdthemes.com/bower_components/clndr/clndr.min.js]
[altair_html.tzdthemes.com/bower_components/handlebars/handlebars.min.js]
[altair_html.tzdthemes.com/assets/js/custom/dense.min.js]
[www.google-analytics.com/analytics.js]
[altair_html.tzdthemes.com/bower_components/kendo-ui/styles/kendo.material.min.css]
[altair_html.tzdthemes.com/index.html]
[altair_html.tzdthemes.com/bower_components/kendo-ui/styles/kendo.materialblack.min.css]
[altair_html.tzdthemes.com/bower_components/weather-icons/font/weathericons-regular-webfont.woff2]
[altair_html.tzdthemes.com/bower_components/weather-icons/font/weathericons-regular-webfont.ttf]
[altair_html.tzdthemes.com/bower_components/weather-icons/font/weathericons-regular-webfont.eot]
[altair_html.tzdthemes.com/bower_components/weather-icons/font/weathericons-regular-webfontd41d.eot]
[altair_html.tzdthemes.com/bower_components/weather-icons/css/weather-icons.min.css]
[altair_html.tzdthemes.com/bower_components/metrics-graphics/dist/metricsgraphics.css]
[altair_html.tzdthemes.com/bower_components/chartist/dist/chartist.min.css]
[altair_html.tzdthemes.com/bower_components/uikit/fonts/fontawesome-webfont.woff2]
[altair_html.tzdthemes.com/bower_components/weather-icons/font/weathericons-regular-webfont.svg]
[altair_html.tzdthemes.com/bower_components/weather-icons/font/weathericons-regular-webfont.woff]
[altair_html.tzdthemes.com/bower_components/uikit/fonts/fontawesome-webfont.ttf]
[altair_html.tzdthemes.com/bower_components/uikit/css/uikit.almost-flat.min.css]
[altair_html.tzdthemes.com/assets/icons/flags/flags.png]
[altair_html.tzdthemes.com/assets/icons/flags/flags@2x.png]
[altair_html.tzdthemes.com/assets/icons/flags/flags.min.css]
[altair_html.tzdthemes.com/assets/css/style_switcher.min.css]
[altair_html.tzdthemes.com/bower_components/uikit/fonts/fontawesome-webfont.woff]
[altair_html.tzdthemes.com/assets/icons/material-design-icons/MaterialIcons-Regular.woff2]
[altair_html.tzdthemes.com/assets/icons/material-design-icons/MaterialIcons-Regular.eot]
[altair_html.tzdthemes.com/assets/icons/material-design-icons/MaterialIcons-Regular.ttf]
[altair_html.tzdthemes.com/assets/img/spinners/spinner_small.gif]
[altair_html.tzdthemes.com/assets/img/spinners/spinner.gif]
[altair_html.tzdthemes.com/assets/img/sidebar_head_bg.png]
[altair_html.tzdthemes.com/assets/img/sidebar_head_bg@2x.png]
[altair_html.tzdthemes.com/assets/css/main.min.css]
[altair_html.tzdthemes.com/assets/css/img/sidebar_head_bg_dark.png]
[altair_html.tzdthemes.com/assets/css/img/sidebar_head_bg_dark@2x.png]
[altair_html.tzdthemes.com/assets/css/themes/themes_combined.min.css]
[altair_html.tzdthemes.com/assets/img/avatars/avatar_08_tn.png]
[altair_html.tzdthemes.com/assets/img/avatars/avatar_06_tn.png]
[altair_html.tzdthemes.com/assets/img/avatars/avatar_10_tn.png]
[altair_html.tzdthemes.com/assets/icons/material-design-icons/MaterialIcons-Regular.woff]
[altair_html.tzdthemes.com/page_mailbox.html]
[altair_html.tzdthemes.com/assets/js/pages/page_mailbox.min.js]
[altair_html.tzdthemes.com/assets/js/custom/instafilta.min.js]
[altair_html.tzdthemes.com/page_invoices.html]
[altair_html.tzdthemes.com/assets/js/pages/page_invoices.min.js]
[altair_html.tzdthemes.com/page_chat.html]
[altair_html.tzdthemes.com/assets/js/pages/page_chat.min.js]
[altair_html.tzdthemes.com/page_scrum_board.html]
[altair_html.tzdthemes.com/assets/js/pages/page_scrum_board.min.js]
[altair_html.tzdthemes.com/bower_components/dragula.js/dist/dragula.min.js]
[altair_html.tzdthemes.com/bower_components/codemirror/lib/codemirror.css]
[altair_html.tzdthemes.com/page_snippets.html]
[altair_html.tzdthemes.com/assets/js/pages/page_snippets.min.js]
[altair_html.tzdthemes.com/assets/img/gallery/Image10.jpg]
[altair_html.tzdthemes.com/assets/img/avatars/avatar_03.png]
[altair_html.tzdthemes.com/assets/img/gallery/Image01.jpg]
[altair_html.tzdthemes.com/assets/img/gallery/Image02.jpg]
[altair_html.tzdthemes.com/assets/js/uikit_htmleditor_custom.min.js]
[altair_html.tzdthemes.com/assets/img/gallery/Image03.jpg]
[altair_html.tzdthemes.com/assets/img/gallery/Image04.jpg]
[altair_html.tzdthemes.com/assets/img/gallery/Image05.jpg]
[altair_html.tzdthemes.com/assets/img/gallery/Image06.jpg]
[altair_html.tzdthemes.com/assets/img/gallery/Image07.jpg]
[altair_html.tzdthemes.com/assets/img/gallery/Image08.jpg]
[altair_html.tzdthemes.com/assets/img/gallery/Image09.jpg]
[altair_html.tzdthemes.com/assets/img/gallery/Image11.jpg]
[altair_html.tzdthemes.com/assets/img/gallery/Image12.jpg]
[altair_html.tzdthemes.com/assets/img/gallery/Image13.jpg]
[altair_html.tzdthemes.com/assets/img/gallery/Image14.jpg]
[altair_html.tzdthemes.com/assets/img/gallery/Image15.jpg]
[altair_html.tzdthemes.com/assets/img/gallery/Image18.jpg]
[altair_html.tzdthemes.com/assets/img/gallery/Image19.jpg]
[altair_html.tzdthemes.com/assets/img/gallery/Image20.jpg]
[altair_html.tzdthemes.com/assets/img/gallery/Image21.jpg]
[altair_html.tzdthemes.com/assets/img/gallery/Image22.jpg]
[altair_html.tzdthemes.com/assets/img/gallery/Image23.jpg]
[altair_html.tzdthemes.com/assets/img/gallery/Image24.jpg]
[altair_html.tzdthemes.com/page_user_profile.html]
[altair_html.tzdthemes.com/components_accordion.html]
[altair_html.tzdthemes.com/components_buttons.html]
[altair_html.tzdthemes.com/assets/js/pages/components_notifications.min.js]
[altair_html.tzdthemes.com/components_notifications.html]
[altair_html.tzdthemes.com/assets/js/pages/components_sortable.min.js]
[altair_html.tzdthemes.com/components_sortable.html]
[altair_html.tzdthemes.com/components_tabs.html]
[altair_html.tzdthemes.com/assets/js/pages/page_settings.min.js]
[altair_html.tzdthemes.com/page_settings.html]
[altair_html.tzdthemes.com/assets/css/login_page.min.css]
[altair_html.tzdthemes.com/assets/js/pages/login.min.js]
[altair_html.tzdthemes.com/login.html]
[altair_html.tzdthemes.com/assets/img/others/sabri-tuzcu-331970.jpg]
[altair_html.tzdthemes.com/login_v2.html]
[altair_html.tzdthemes.com/assets/js/pages/page_chat_small.min.js]
[altair_html.tzdthemes.com/page_chat_small.html]
[altair_html.tzdthemes.com/assets/js/pages/page_sticky_notes.min.js]
[altair_html.tzdthemes.com/page_sticky_notes.html]
[altair_html.tzdthemes.com/forms_regular.html]
[altair_html.tzdthemes.com/bower_components/select2/dist/css/select2.min.css]
[altair_html.tzdthemes.com/bower_components/ion.rangeslider/js/ion.rangeSlider.min.js]
[altair_html.tzdthemes.com/bower_components/jquery.inputmask/dist/jquery.inputmask.bundle.js]
[altair_html.tzdthemes.com/bower_components/jquery-ui/jquery-ui.min.js]
[altair_html.tzdthemes.com/forms_advanced.html]
[altair_html.tzdthemes.com/assets/js/pages/forms_advanced.min.js]
[altair_html.tzdthemes.com/forms_dynamic.html]
[altair_html.tzdthemes.com/assets/skins/dropify/css/dropify.css]
[altair_html.tzdthemes.com/bower_components/select2/dist/js/select2.min.js]
[altair_html.tzdthemes.com/bower_components/parsleyjs/dist/parsley.min.js]
[altair_html.tzdthemes.com/bower_components/dropify/dist/js/dropify.min.js]
[altair_html.tzdthemes.com/forms_file_input.html]
[altair_html.tzdthemes.com/assets/js/pages/forms_file_input.min.js]
[altair_html.tzdthemes.com/forms_file_upload.html]
[altair_html.tzdthemes.com/assets/js/pages/forms_file_upload.min.js]
[altair_html.tzdthemes.com/forms_validation.html]
[altair_html.tzdthemes.com/assets/js/pages/forms_validation.min.js]
[altair_html.tzdthemes.com/forms_wizard.html]
[altair_html.tzdthemes.com/assets/js/pages/forms_wizard.min.js]
[altair_html.tzdthemes.com/assets/js/custom/wizard_steps.min.js]
[altair_html.tzdthemes.com/bower_components/ckeditor/adapters/jquery.js]
[altair_html.tzdthemes.com/forms_wysiwyg_ckeditor.html]
[altair_html.tzdthemes.com/forms_wysiwyg_inline.html]
[altair_html.tzdthemes.com/assets/js/pages/forms_wysiwyg.min.js]
[altair_html.tzdthemes.com/forms_wysiwyg_tinymce.html]
[altair_html.tzdthemes.com/layout_top_menu.html]
[altair_html.tzdthemes.com/layout_header_full.html]
[altair_html.tzdthemes.com/bower_components/kendo-ui/styles/kendo.common-material.min.css]
[altair_html.tzdthemes.com/assets/js/pages/kendoui.min.js]
[altair_html.tzdthemes.com/kendoui_autocomplete.html]
[altair_html.tzdthemes.com/kendoui_calendar.html]
[altair_html.tzdthemes.com/kendoui_colorpicker.html]
[altair_html.tzdthemes.com/kendoui_combobox.html]
[altair_html.tzdthemes.com/kendoui_datepicker.html]
[altair_html.tzdthemes.com/kendoui_datetimepicker.html]
[altair_html.tzdthemes.com/kendoui_dropdown_list.html]
[altair_html.tzdthemes.com/kendoui_masked_input.html]
[altair_html.tzdthemes.com/kendoui_menu.html]
[altair_html.tzdthemes.com/kendoui_multiselect.html]
[altair_html.tzdthemes.com/kendoui_numeric_textbox.html]
[altair_html.tzdthemes.com/kendoui_panelbar.html]
[altair_html.tzdthemes.com/kendoui_timepicker.html]
[altair_html.tzdthemes.com/kendoui_toolbar.html]
[altair_html.tzdthemes.com/kendoui_window.html]
[altair_html.tzdthemes.com/assets/js/pages/components_animations.min.js]
[altair_html.tzdthemes.com/components_animations.html]
[altair_html.tzdthemes.com/components_autocomplete.html]
[altair_html.tzdthemes.com/components_breadcrumbs.html]
[altair_html.tzdthemes.com/index-2.html]
[altair_html.tzdthemes.com/components_fab.html]
[altair_html.tzdthemes.com/assets/js/pages/components_cards.min.js]
[altair_html.tzdthemes.com/components_cards.html]
[altair_html.tzdthemes.com/components_colors.html]
[altair_html.tzdthemes.com/components_common.html]
[altair_html.tzdthemes.com/components_dropdowns.html]
[altair_html.tzdthemes.com/components_dynamic_grid.html]
[altair_html.tzdthemes.com/components_footer.html]
[altair_html.tzdthemes.com/components_grid.html]
[altair_html.tzdthemes.com/assets/img/ecommerce/payment_icons/Amazon.png]
[altair_html.tzdthemes.com/assets/img/ecommerce/payment_icons/American Express.png]
[altair_html.tzdthemes.com/assets/img/ecommerce/payment_icons/AMEX.png]
[altair_html.tzdthemes.com/assets/img/ecommerce/payment_icons/Chase.png]
[altair_html.tzdthemes.com/assets/img/ecommerce/payment_icons/Cirrus.png]
[altair_html.tzdthemes.com/assets/img/ecommerce/payment_icons/Diners Club.png]
[altair_html.tzdthemes.com/assets/img/ecommerce/payment_icons/Discover.png]
[altair_html.tzdthemes.com/assets/img/ecommerce/payment_icons/Google Wallet.png]
[altair_html.tzdthemes.com/assets/img/ecommerce/payment_icons/JCB.png]
[altair_html.tzdthemes.com/bower_components/tinymce/tinymce.min.js]
[altair_html.tzdthemes.com/assets/img/ecommerce/payment_icons/MasterCard.png]
[altair_html.tzdthemes.com/assets/img/ecommerce/payment_icons/PayPal.png]
[altair_html.tzdthemes.com/assets/img/ecommerce/payment_icons/Sage.png]
[altair_html.tzdthemes.com/assets/img/ecommerce/payment_icons/Skrill Moneybookers.png]
[altair_html.tzdthemes.com/assets/img/ecommerce/payment_icons/Skrill.png]
[altair_html.tzdthemes.com/assets/img/ecommerce/payment_icons/Solo.png]
[altair_html.tzdthemes.com/assets/img/ecommerce/payment_icons/Visa Electron.png]
[altair_html.tzdthemes.com/assets/img/ecommerce/payment_icons/Visa.png]
[altair_html.tzdthemes.com/assets/img/ecommerce/payment_icons/Western Union.png]
[altair_html.tzdthemes.com/assets/img/ecommerce/payment_icons/WorldPay.png]
[altair_html.tzdthemes.com/components_icons.html]
[altair_html.tzdthemes.com/'assets/img/spinners/spinner.gif/']
[altair_html.tzdthemes.com/components_modal.html]
[altair_html.tzdthemes.com/assets/img/ecommerce/s6_edge_1.jpg]
[altair_html.tzdthemes.com/assets/img/ecommerce/s6_edge_2.jpg]
[altair_html.tzdthemes.com/assets/img/ecommerce/s6_edge_3.jpg]
[altair_html.tzdthemes.com/assets/js/kendoui_custom.min.js]
[altair_html.tzdthemes.com/assets/img/ecommerce/s6_edge.jpg]
[altair_html.tzdthemes.com/components_list_grid_view.html]
[altair_html.tzdthemes.com/assets/js/pages/components_list_grid_view.min.js]
[altair_html.tzdthemes.com/components_lists.html]
[altair_html.tzdthemes.com/components_nestable.html]
[altair_html.tzdthemes.com/components_panels.html]
[altair_html.tzdthemes.com/assets/js/pages/components_nestable.min.js]
[altair_html.tzdthemes.com/assets/img/spinners/spinner_warning.gif]
[altair_html.tzdthemes.com/bower_components/ckeditor/ckeditor.js]
[altair_html.tzdthemes.com/assets/img/spinners/spinner_success.gif]
[altair_html.tzdthemes.com/assets/img/spinners/spinner_danger.gif]
[altair_html.tzdthemes.com/assets/img/spinners/spinner_medium.gif]
[altair_html.tzdthemes.com/assets/img/spinners/spinner_large.gif]
[altair_html.tzdthemes.com/components_preloaders.html]
[altair_html.tzdthemes.com/components_scroll_top.html]
[altair_html.tzdthemes.com/components_slider.html]
[altair_html.tzdthemes.com/components_slideshow.html]
[altair_html.tzdthemes.com/components_switcher.html]
[altair_html.tzdthemes.com/components_tables.html]
[altair_html.tzdthemes.com/assets/js/pages/components_preloaders.min.js]
[altair_html.tzdthemes.com/assets/img/avatars/avatar_01.png]
[altair_html.tzdthemes.com/assets/img/avatars/avatar_02.png]
[altair_html.tzdthemes.com/assets/img/avatars/avatar_04.png]
[altair_html.tzdthemes.com/assets/img/avatars/avatar_05.png]
[altair_html.tzdthemes.com/assets/img/avatars/avatar_06.png]
[altair_html.tzdthemes.com/components_tables_examples.html]
[altair_html.tzdthemes.com/components_timeline.html]
[altair_html.tzdthemes.com/components_tooltips.html]
[altair_html.tzdthemes.com/components_typography.html]
[altair_html.tzdthemes.com/ecommerce_product_details.html]
[altair_html.tzdthemes.com/ecommerce_product_edit.html]
[altair_html.tzdthemes.com/ecommerce_products_grid.html]
[altair_html.tzdthemes.com/ecommerce_products_list.html]
[altair_html.tzdthemes.com/assets/js/pages/ecommerce_product_edit.min.js]
[altair_html.tzdthemes.com/ecommerce_payment.html]
[altair_html.tzdthemes.com/assets/js/pages/ecommerce_payment_page.min.js]
[altair_html.tzdthemes.com/bower_components/fullcalendar/dist/fullcalendar.min.css]
[altair_html.tzdthemes.com/plugins_calendar.html]
[altair_html.tzdthemes.com/assets/js/pages/plugins_fullcalendar.min.js]
[altair_html.tzdthemes.com/bower_components/c3js-chart/c3.min.css]
[altair_html.tzdthemes.com/plugins_charts.html]
[altair_html.tzdthemes.com/assets/js/pages/plugins_charts.min.js]
[altair_html.tzdthemes.com/bower_components/fullcalendar/dist/fullcalendar.min.js]
[altair_html.tzdthemes.com/assets/js/pages/plugins_charts_echarts.min.js]
[altair_html.tzdthemes.com/plugins_charts_echarts.html]
[altair_html.tzdthemes.com/assets/css/codemirror_themes.min.css]
[altair_html.tzdthemes.com/bower_components/c3js-chart/c3.min.js]
[altair_html.tzdthemes.com/assets/img/blank.png]
[altair_html.tzdthemes.com/assets/js/custom/codemirror_fullscreen.min.js]
[altair_html.tzdthemes.com/bower_components/codemirror/addon/edit/matchtags.js]
[altair_html.tzdthemes.com/assets/js/custom/echarts/maps/china.js]
[altair_html.tzdthemes.com/bower_components/codemirror/addon/edit/matchbrackets.js]
[altair_html.tzdthemes.com/bower_components/codemirror/addon/fold/xml-fold.js]
[altair_html.tzdthemes.com/bower_components/codemirror/mode/htmlmixed/htmlmixed.js]
[altair_html.tzdthemes.com/bower_components/codemirror/mode/xml/xml.js]
[altair_html.tzdthemes.com/bower_components/codemirror/mode/php/php.js]
[altair_html.tzdthemes.com/bower_components/codemirror/mode/clike/clike.js]
[altair_html.tzdthemes.com/assets/js/pages/plugins_code_editor.min.js]
[altair_html.tzdthemes.com/plugins_code_editor.html]
[altair_html.tzdthemes.com/bower_components/codemirror/mode/javascript/javascript.js]
[altair_html.tzdthemes.com/bower_components/jQuery-contextMenu/dist/jquery.contextMenu.min.css]
[altair_html.tzdthemes.com/bower_components/jQuery-contextMenu/dist/jquery.ui.position.min.js]
[altair_html.tzdthemes.com/plugins_context_menu.html]
[altair_html.tzdthemes.com/assets/js/pages/plugins_context_menu.min.js]
[altair_html.tzdthemes.com/bower_components/jQuery-contextMenu/dist/jquery.contextMenu.min.js]
[altair_html.tzdthemes.com/assets/skins/jquery-ui/material/jquery-ui.min.css]
[altair_html.tzdthemes.com/assets/skins/jtable/jtable.min.css]
[altair_html.tzdthemes.com/plugins_crud_table.html]
[altair_html.tzdthemes.com/assets/js/pages/plugins_crud_table.min.js]
[altair_html.tzdthemes.com/bower_components/jtable/lib/jquery.jtable.min.js]
[altair_html.tzdthemes.com/bower_components/datatables-buttons/js/dataTables.buttons.js]
[altair_html.tzdthemes.com/bower_components/datatables/media/js/jquery.dataTables.min.js]
[altair_html.tzdthemes.com/assets/js/custom/datatables/buttons.uikit.js]
[altair_html.tzdthemes.com/bower_components/codemirror/lib/codemirror.js]
[altair_html.tzdthemes.com/bower_components/jszip/dist/jszip.min.js]
[altair_html.tzdthemes.com/bower_components/datatables-buttons/js/buttons.colVis.js]
[altair_html.tzdthemes.com/bower_components/datatables-buttons/js/buttons.html5.js]
[altair_html.tzdthemes.com/bower_components/datatables-buttons/js/buttons.print.js]
[altair_html.tzdthemes.com/assets/js/custom/datatables/datatables.uikit.min.js]
[altair_html.tzdthemes.com/assets/js/pages/plugins_datatables.min.js]
[altair_html.tzdthemes.com/plugins_datatables.html]
[altair_html.tzdthemes.com/bower_components/jsdiff/diff.min.js]
[altair_html.tzdthemes.com/assets/js/pages/plugins_diff.min.js]
[altair_html.tzdthemes.com/plugins_diff.html]
[altair_html.tzdthemes.com/bower_components/echarts/dist/echarts.min.js]
[altair_html.tzdthemes.com/bower_components/dropzone/dist/min/dropzone.min.js]
[altair_html.tzdthemes.com/plugins_dropzone.html]
[altair_html.tzdthemes.com/assets/js/pages/plugins_dropzone.min.js]
[altair_html.tzdthemes.com/bower_components/jquery-ui/themes/smoothness/jquery-ui.min.css]
[altair_html.tzdthemes.com/file_manager/css/elfinder.min.css]
[altair_html.tzdthemes.com/file_manager/themes/material/css/theme.css]
[altair_html.tzdthemes.com/plugins_filemanager.html]
[altair_html.tzdthemes.com/assets/js/pages/plugins_filemanager.min.js]
[altair_html.tzdthemes.com/assets/js/custom/gantt_chart.min.js]
[altair_html.tzdthemes.com/assets/js/pages/plugins_gantt_chart.min.js]
[altair_html.tzdthemes.com/plugins_gantt_chart.html]
[altair_html.tzdthemes.com/assets/js/pages/plugins_google_maps.min.js]
[altair_html.tzdthemes.com/plugins_google_maps.html]
[altair_html.tzdthemes.com/bower_components/cropper/dist/cropper.min.css]
[altair_html.tzdthemes.com/assets/img/gallery/image_cropp.jpg]
[altair_html.tzdthemes.com/file_manager/js/elfinder.min.js]
[altair_html.tzdthemes.com/cropped_image.jpg]
[altair_html.tzdthemes.com/bower_components/cropper/dist/cropper.min.js]
[altair_html.tzdthemes.com/assets/js/pages/plugins_image_cropper.min.js]
[altair_html.tzdthemes.com/plugins_image_cropper.html]
[altair_html.tzdthemes.com/bower_components/jquery-idletimer/dist/idle-timer.min.js]
[altair_html.tzdthemes.com/assets/js/pages/plugins_idle_timeout.min.js]
[altair_html.tzdthemes.com/plugins_idle_timeout.html]
[altair_html.tzdthemes.com/bower_components/push.js/bin/push.min.js]
[altair_html.tzdthemes.com/assets/js/pages/plugins_push_notifications.min.js]
[altair_html.tzdthemes.com/plugins_push_notifications.html]
[altair_html.tzdthemes.com/bower_components/enjoyhint/enjoyhint.js]
[altair_html.tzdthemes.com/assets/js/pages/plugins_tour.min.js]
[altair_html.tzdthemes.com/plugins_tour.html]
[altair_html.tzdthemes.com/assets/img/avatars/avatar_12_tn.png]
[altair_html.tzdthemes.com/bower_components/tablesorter/dist/js/jquery.tablesorter.min.js]
[altair_html.tzdthemes.com/bower_components/tablesorter/dist/js/jquery.tablesorter.widgets.min.js]
[altair_html.tzdthemes.com/bower_components/tablesorter/dist/js/widgets/widget-alignChar.min.js]
[altair_html.tzdthemes.com/bower_components/tablesorter/dist/js/widgets/widget-columnSelector.min.js]
[altair_html.tzdthemes.com/bower_components/tablesorter/dist/js/widgets/widget-print.min.js]
[altair_html.tzdthemes.com/bower_components/tablesorter/dist/js/extras/jquery.tablesorter.pager.min.js]
[altair_html.tzdthemes.com/assets/js/pages/plugins_tablesorter.min.js]
[altair_html.tzdthemes.com/plugins_tablesorter.html]
[altair_html.tzdthemes.com/assets/skins/jquery.fancytree/ui.fancytree.min.css]
[altair_html.tzdthemes.com/envato_ico.png]
[altair_html.tzdthemes.com/ic_wallpaper_black_18px.svg]
[altair_html.tzdthemes.com/ic_code_black_18px.svg]
[altair_html.tzdthemes.com/bower_components/pdfmake/build/pdfmake.min.js]
[altair_html.tzdthemes.com/ic_audiotrack_black_18px.svg]
[altair_html.tzdthemes.com/ic_attachment_black_18px.svg]
[altair_html.tzdthemes.com/ic_bug_report_black_18px.svg]
[altair_html.tzdthemes.com/ic_file_download_black_18px.svg]
[altair_html.tzdthemes.com/bower_components/pdfmake/build/vfs_fonts.js]
[altair_html.tzdthemes.com/ic_insert_emoticon_black_18px.svg]
[altair_html.tzdthemes.com/plugins_tree.html]
[altair_html.tzdthemes.com/assets/js/pages/plugins_tree.min.js]
[altair_html.tzdthemes.com/bower_components/jquery.fancytree/dist/jquery.fancytree-all.min.js]
[altair_html.tzdthemes.com/bower_components/jquery-mapael/js/jquery.mapael.js]
[altair_html.tzdthemes.com/bower_components/raphael/raphael.min.js]
[altair_html.tzdthemes.com/assets/js/pages/plugins_vector_maps.min.js]
[altair_html.tzdthemes.com/plugins_vector_maps.html]
[altair_html.tzdthemes.com/assets/js/custom/xeditable/select2/select2.css]
[altair_html.tzdthemes.com/bower_components/jquery-mapael/js/maps/usa_states.js]
[altair_html.tzdthemes.com/bower_components/jquery-mockjax/dist/jquery.mockjax.min.js]
[altair_html.tzdthemes.com/assets/js/custom/xeditable/jquery.poshytip.min.js]
[altair_html.tzdthemes.com/bower_components/x-editable/dist/jquery-editable/jquery-ui-datepicker/js/jquery-ui-1.10.3.custom.min.js]
[altair_html.tzdthemes.com/bower_components/jquery-mapael/js/maps/world_countries.js]
[altair_html.tzdthemes.com/assets/js/custom/xeditable/select2/select2.min.js]
[altair_html.tzdthemes.com/plugins_xeditable.html]
[altair_html.tzdthemes.com/page_blank.html]
[altair_html.tzdthemes.com/assets/img/avatars/avatar_09.png]
[altair_html.tzdthemes.com/assets/js/pages/plugins_xeditable.min.js]
[altair_html.tzdthemes.com/assets/img/avatars/avatar_07.png]
[altair_html.tzdthemes.com/assets/img/avatars/avatar_10.png]
[altair_html.tzdthemes.com/page_contact_list.html]
[altair_html.tzdthemes.com/assets/js/pages/page_contact_list.min.js]
[altair_html.tzdthemes.com/assets/img/avatars/avatar_12.png]
[altair_html.tzdthemes.com/page_contact_list_horizontal.html]
[altair_html.tzdthemes.com/assets/img/avatars/avatar_08.png]
[altair_html.tzdthemes.com/bower_components/x-editable/dist/jquery-editable/js/jquery-editable-poshytip.js]
[altair_html.tzdthemes.com/bower_components/jquery-listnav/jquery-listnav.min.js]
[altair_html.tzdthemes.com/page_contact_list_v2.html]
[altair_html.tzdthemes.com/page_forum.html]
[altair_html.tzdthemes.com/page_forum_single.html]
[altair_html.tzdthemes.com/assets/js/pages/page_contact_list_v2.min.js]
[altair_html.tzdthemes.com/assets/js/custom/jquery.waitforimages.min.js]
[altair_html.tzdthemes.com/page_gallery.html]
[altair_html.tzdthemes.com/page_gallery_v2.html]
[altair_html.tzdthemes.com/assets/js/pages/page_gallery.min.js]
[altair_html.tzdthemes.com/page_help.html]
[altair_html.tzdthemes.com/assets/js/pages/page_help.min.js]
[altair_html.tzdthemes.com/page_mailbox_v2.html]
[altair_html.tzdthemes.com/assets/js/pages/page_mailbox_v2.min.js]
[altair_html.tzdthemes.com/page_notes.html]
[altair_html.tzdthemes.com/page_pricing_tables.html]
[altair_html.tzdthemes.com/page_pricing_tables_v2.html]
[altair_html.tzdthemes.com/assets/js/pages/page_notes.min.js]
[altair_html.tzdthemes.com/assets/img/md-images/ic_place_black.png]
[altair_html.tzdthemes.com/page_search_results.html]
[altair_html.tzdthemes.com/assets/js/pages/page_search.min.js]
[altair_html.tzdthemes.com/page_todo.html]
[altair_html.tzdthemes.com/assets/js/pages/page_todo.min.js]
[altair_html.tzdthemes.com/assets/img/avatars/user.png]
[altair_html.tzdthemes.com/assets/js/custom/uikit_fileinput.min.js]
[altair_html.tzdthemes.com/page_user_edit.html]
[altair_html.tzdthemes.com/assets/js/pages/page_user_edit.min.js]
[altair_html.tzdthemes.com/page_quiz.html]
[altair_html.tzdthemes.com/assets/js/custom/slickQuiz/slickQuiz.min.js]
[altair_html.tzdthemes.com/assets/js/pages/page_quiz.min.js]
[altair_html.tzdthemes.com/page_issues_list.html]
[altair_html.tzdthemes.com/page_issue_details.html]
[altair_html.tzdthemes.com/page_blog_list.html]
[altair_html.tzdthemes.com/page_blog_article.html]
[altair_html.tzdthemes.com/assets/js/pages/pages_issues.min.js]
[altair_html.tzdthemes.com/error_404.html]
[altair_html.tzdthemes.com/error_500.html]
[altair_html.tzdthemes.com/cdn-cgi/l/email-protection.html]
[altair_html.tzdthemes.com/assets/css/error_page.min.css]
[altair_html.tzdthemes.com/bower_components/kendo-ui/styles/Material/sprite.png]
[altair_html.tzdthemes.com/bower_components/kendo-ui/styles/Material/loading.gif]
[altair_html.tzdthemes.com/bower_components/kendo-ui/styles/Material/loading-image.gif]
[altair_html.tzdthemes.com/bower_components/kendo-ui/styles/Material/indeterminate.gif]
[altair_html.tzdthemes.com/bower_components/kendo-ui/styles/Material/slider-h.gif]
[altair_html.tzdthemes.com/bower_components/kendo-ui/styles/Material/slider-v.gif]
[altair_html.tzdthemes.com/bower_components/kendo-ui/styles/kendo.material.min.css]
[altair_html.tzdthemes.com/bower_components/kendo-ui/styles/MaterialBlack/sprite.png]
[altair_html.tzdthemes.com/bower_components/kendo-ui/styles/MaterialBlack/loading.gif]
[altair_html.tzdthemes.com/bower_components/kendo-ui/styles/MaterialBlack/loading-image.gif]
[altair_html.tzdthemes.com/bower_components/kendo-ui/styles/MaterialBlack/indeterminate.gif]
[altair_html.tzdthemes.com/bower_components/kendo-ui/styles/MaterialBlack/slider-h.gif]
[altair_html.tzdthemes.com/bower_components/kendo-ui/styles/MaterialBlack/slider-v.gif]
[altair_html.tzdthemes.com/bower_components/kendo-ui/styles/kendo.materialblack.min.css]
[altair_html.tzdthemes.com/bower_components/weather-icons/font/weathericons-regular-webfont.svg]
[altair_html.tzdthemes.com/assets/css/img/sidebar_head_bg_dark.html]
[altair_html.tzdthemes.com/assets/css/img/sidebar_head_bg_dark@2x.html]
[altair_html.tzdthemes.com/bower_components/codemirror/lib/codemirror.css]
[altair_html.tzdthemes.com/assets/img/avatars/user@2x.png]
[altair_html.tzdthemes.com/assets/css/login_page.min.css]
[altair_html.tzdthemes.com/bower_components/select2/dist/css/select2.min.css]
[altair_html.tzdthemes.com/assets/skins/dropify/fonts/dropify.eot]
[altair_html.tzdthemes.com/assets/skins/dropify/fonts/dropify.woff]
[altair_html.tzdthemes.com/assets/skins/dropify/fonts/dropify.ttf]
[altair_html.tzdthemes.com/assets/skins/dropify/css/dropify.css]
[altair_html.tzdthemes.com/assets/skins/dropify/fonts/dropify.svg]
[altair_html.tzdthemes.com/bower_components/kendo-ui/styles/textures/transtexture.png]
[altair_html.tzdthemes.com/bower_components/kendo-ui/styles/textures/transparency.png]
[altair_html.tzdthemes.com/bower_components/kendo-ui/styles/kendo.common-material.min.css]
[altair_html.tzdthemes.com/index-2.html]
[altair_html.tzdthemes.com/'assets/img/spinners/spinner.gif/'.html]
[altair_html.tzdthemes.com/bower_components/fullcalendar/dist/fullcalendar.min.css]
[altair_html.tzdthemes.com/bower_components/c3js-chart/c3.min.css]
[altair_html.tzdthemes.com/assets/css/codemirror_themes.min.css]
[altair_html.tzdthemes.com/bower_components/jQuery-contextMenu/dist/font/context-menu-icons842d.eot]
[altair_html.tzdthemes.com/bower_components/jQuery-contextMenu/dist/font/context-menu-icons842d.woff2]
[altair_html.tzdthemes.com/bower_components/jQuery-contextMenu/dist/font/context-menu-icons842d.woff]
[altair_html.tzdthemes.com/bower_components/jQuery-contextMenu/dist/font/context-menu-icons842d.ttf]
[altair_html.tzdthemes.com/bower_components/jQuery-contextMenu/dist/jquery.contextMenu.min.css]
[altair_html.tzdthemes.com/assets/skins/jquery-ui/material/images/ui-icons_727272_256x240.png]
[altair_html.tzdthemes.com/assets/skins/jquery-ui/material/images/ui-icons_454545_256x240.png]
[altair_html.tzdthemes.com/assets/skins/jquery-ui/material/images/ui-icons_212121_256x240.png]
[altair_html.tzdthemes.com/assets/skins/jquery-ui/material/images/ui-icons_e53935_256x240.png]
[altair_html.tzdthemes.com/assets/skins/jquery-ui/material/jquery-ui.min.css]
[altair_html.tzdthemes.com/assets/skins/jtable/close.png]
[altair_html.tzdthemes.com/assets/skins/jtable/column-sortable.png]
[altair_html.tzdthemes.com/assets/skins/jtable/column-asc.png]
[altair_html.tzdthemes.com/assets/skins/jtable/column-desc.png]
[altair_html.tzdthemes.com/assets/skins/jtable/edit.png]
[altair_html.tzdthemes.com/assets/skins/jtable/delete.png]
[altair_html.tzdthemes.com/assets/skins/jtable/spinner.gif]
[altair_html.tzdthemes.com/assets/skins/jtable/jtable.min.css]
[altair_html.tzdthemes.com/bower_components/jquery-ui/themes/smoothness/images/ui-bg_highlight-soft_75_cccccc_1x100.png]
[altair_html.tzdthemes.com/bower_components/jquery-ui/themes/smoothness/images/ui-bg_glass_75_e6e6e6_1x400.png]
[altair_html.tzdthemes.com/bower_components/jquery-ui/themes/smoothness/images/ui-bg_glass_75_dadada_1x400.png]
[altair_html.tzdthemes.com/bower_components/jquery-ui/themes/smoothness/images/ui-bg_glass_65_ffffff_1x400.png]
[altair_html.tzdthemes.com/bower_components/jquery-ui/themes/smoothness/images/ui-bg_glass_55_fbf9ee_1x400.png]
[altair_html.tzdthemes.com/bower_components/jquery-ui/themes/smoothness/images/ui-bg_glass_95_fef1ec_1x400.png]
[altair_html.tzdthemes.com/bower_components/jquery-ui/themes/smoothness/images/ui-icons_222222_256x240.png]
[altair_html.tzdthemes.com/bower_components/jquery-ui/themes/smoothness/images/ui-icons_454545_256x240.png]
[altair_html.tzdthemes.com/bower_components/jquery-ui/themes/smoothness/images/ui-icons_2e83ff_256x240.png]
[altair_html.tzdthemes.com/bower_components/jquery-ui/themes/smoothness/images/ui-icons_cd0a0a_256x240.png]
[altair_html.tzdthemes.com/bower_components/jquery-ui/themes/smoothness/images/ui-icons_888888_256x240.png]
[altair_html.tzdthemes.com/bower_components/jquery-ui/themes/smoothness/jquery-ui.min.css]
[altair_html.tzdthemes.com/file_manager/img/crop.gif]
[altair_html.tzdthemes.com/file_manager/img/progress.gif]
[altair_html.tzdthemes.com/file_manager/img/logo.png]
[altair_html.tzdthemes.com/file_manager/img/toolbar.png]
[altair_html.tzdthemes.com/file_manager/img/arrows-normal.png]
[altair_html.tzdthemes.com/file_manager/img/icons-big.png]
[altair_html.tzdthemes.com/file_manager/img/icons-small.png]
[altair_html.tzdthemes.com/file_manager/img/dialogs.png]
[altair_html.tzdthemes.com/file_manager/img/spinner-mini.gif]
[altair_html.tzdthemes.com/file_manager/img/arrows-active.png]
[altair_html.tzdthemes.com/file_manager/img/volume_icon_local.png]
[altair_html.tzdthemes.com/file_manager/img/volume_icon_ftp.png]
[altair_html.tzdthemes.com/file_manager/img/volume_icon_sql.png]
[altair_html.tzdthemes.com/file_manager/img/volume_icon_dropbox.png]
[altair_html.tzdthemes.com/file_manager/img/volume_icon_googledrive.png]
[altair_html.tzdthemes.com/file_manager/img/resize.png]
[altair_html.tzdthemes.com/file_manager/img/quicklook-bg.png]
[altair_html.tzdthemes.com/file_manager/img/quicklook-icons.png]
[altair_html.tzdthemes.com/file_manager/css/elfinder.min.css]
[altair_html.tzdthemes.com/file_manager/themes/material/images/16px/directory.png]
[altair_html.tzdthemes.com/file_manager/themes/material/images/16px/search.png]
[altair_html.tzdthemes.com/file_manager/themes/material/images/16px/close.png]
[altair_html.tzdthemes.com/file_manager/themes/material/images/16px/back.png]
[altair_html.tzdthemes.com/file_manager/themes/material/images/16px/forward.png]
[altair_html.tzdthemes.com/file_manager/themes/material/images/16px/reload.png]
[altair_html.tzdthemes.com/file_manager/themes/material/images/16px/netmount.png]
[altair_html.tzdthemes.com/file_manager/themes/material/images/16px/home.png]
[altair_html.tzdthemes.com/file_manager/themes/material/images/16px/up.png]
[altair_html.tzdthemes.com/file_manager/themes/material/images/16px/file.png]
[altair_html.tzdthemes.com/file_manager/themes/material/images/16px/upload.png]
[altair_html.tzdthemes.com/file_manager/themes/material/images/16px/open.png]
[altair_html.tzdthemes.com/file_manager/themes/material/images/16px/download.png]
[altair_html.tzdthemes.com/file_manager/themes/material/images/16px/getfile.png]
[altair_html.tzdthemes.com/file_manager/themes/material/images/16px/info.png]
[altair_html.tzdthemes.com/file_manager/themes/material/images/16px/preview.png]
[altair_html.tzdthemes.com/file_manager/themes/material/images/16px/copy.png]
[altair_html.tzdthemes.com/file_manager/themes/material/images/16px/cut.png]
[altair_html.tzdthemes.com/file_manager/themes/material/images/16px/paste.png]
[altair_html.tzdthemes.com/file_manager/themes/material/images/16px/view.png]
[altair_html.tzdthemes.com/file_manager/themes/material/images/16px/view-list.png]
[altair_html.tzdthemes.com/file_manager/themes/material/images/16px/help.png]
[altair_html.tzdthemes.com/file_manager/themes/material/images/16px/duplicate.png]
[altair_html.tzdthemes.com/file_manager/themes/material/images/16px/rm.png]
[altair_html.tzdthemes.com/file_manager/themes/material/images/16px/edit.png]
[altair_html.tzdthemes.com/file_manager/themes/material/images/16px/rename.png]
[altair_html.tzdthemes.com/file_manager/themes/material/images/16px/archive.png]
[altair_html.tzdthemes.com/file_manager/themes/material/images/16px/resize.png]
[altair_html.tzdthemes.com/file_manager/themes/material/images/16px/extract.png]
[altair_html.tzdthemes.com/file_manager/themes/material/images/16px/sort.png]
[altair_html.tzdthemes.com/file_manager/themes/material/images/16px/directory_expanded.png]
[altair_html.tzdthemes.com/file_manager/themes/material/images/48px/directory.png]
[altair_html.tzdthemes.com/file_manager/themes/material/images/close.png]
[altair_html.tzdthemes.com/file_manager/themes/material/css/theme.css]
[altair_html.tzdthemes.com/bower_components/cropper/dist/cropper.min.css]
[altair_html.tzdthemes.com/cropped_image.html]
[altair_html.tzdthemes.com/assets/skins/jquery.fancytree/icons.png]
[altair_html.tzdthemes.com/assets/skins/jquery.fancytree/ui.fancytree.min.css]
[altair_html.tzdthemes.com/envato_ico.html]
[altair_html.tzdthemes.com/ic_wallpaper_black_18px.html]
[altair_html.tzdthemes.com/ic_code_black_18px.html]
[altair_html.tzdthemes.com/ic_audiotrack_black_18px.html]
[altair_html.tzdthemes.com/ic_attachment_black_18px.html]
[altair_html.tzdthemes.com/ic_bug_report_black_18px.html]
[altair_html.tzdthemes.com/ic_file_download_black_18px.html]
[altair_html.tzdthemes.com/ic_insert_emoticon_black_18px.html]
[altair_html.tzdthemes.com/assets/js/custom/xeditable/select2/select2.png]
[altair_html.tzdthemes.com/assets/js/custom/xeditable/select2/select2-spinner.gif]
[altair_html.tzdthemes.com/assets/js/custom/xeditable/select2/select2x2.png]
[altair_html.tzdthemes.com/assets/js/custom/xeditable/select2/select2.css]
[altair_html.tzdthemes.com/assets/css/error_page.min.css]
[altair_html.tzdthemes.com/assets/skins/dropify/fonts/dropify.svg]
